{"C:\\Users\\user\\Documents\\workspaces\\ACADEMICS\\DEV-OPS-TESTING\\ELECTRICIT-SHOP\\frontend-service\\src\\declaration.d.ts": {"path":"C:\\Users\\user\\Documents\\workspaces\\ACADEMICS\\DEV-OPS-TESTING\\ELECTRICIT-SHOP\\frontend-service\\src\\declaration.d.ts","statementMap":{},"fnMap":{},"branchMap":{},"s":{},"f":{},"b":{},"inputSourceMap":null}
,"C:\\Users\\user\\Documents\\workspaces\\ACADEMICS\\DEV-OPS-TESTING\\ELECTRICIT-SHOP\\frontend-service\\src\\components\\Hello\\handlers.ts": {"path":"C:\\Users\\user\\Documents\\workspaces\\ACADEMICS\\DEV-OPS-TESTING\\ELECTRICIT-SHOP\\frontend-service\\src\\components\\Hello\\handlers.ts","statementMap":{"0":{"start":{"line":1,"column":13},"end":{"line":4,"column":2}},"1":{"start":{"line":6,"column":25},"end":{"line":6,"column":60}},"2":{"start":{"line":6,"column":59},"end":{"line":6,"column":65}},"3":{"start":{"line":6,"column":13},"end":{"line":6,"column":25}}},"fnMap":{"0":{"name":"(anonymous_0)","decl":{"start":{"line":6,"column":25},"end":{"line":6,"column":26}},"loc":{"start":{"line":6,"column":46},"end":{"line":6,"column":60}}}},"branchMap":{},"s":{"0":1,"1":1,"2":1,"3":1},"f":{"0":1},"b":{}}
,"C:\\Users\\user\\Documents\\workspaces\\ACADEMICS\\DEV-OPS-TESTING\\ELECTRICIT-SHOP\\frontend-service\\src\\routes\\index.ts": {"path":"C:\\Users\\user\\Documents\\workspaces\\ACADEMICS\\DEV-OPS-TESTING\\ELECTRICIT-SHOP\\frontend-service\\src\\routes\\index.ts","statementMap":{"0":{"start":{"line":3,"column":0},"end":{"line":3,"column":41}},"1":{"start":{"line":4,"column":0},"end":{"line":4,"column":37}},"2":{"start":{"line":6,"column":13},"end":{"line":17,"column":2}}},"fnMap":{},"branchMap":{},"s":{"0":0,"1":0,"2":0},"f":{},"b":{}}
}
